This is pdfTeX, Version 3.14159265-2.6-1.40.17 (TeX Live 2016) (preloaded format=pdflatex 2017.1.18)  15 FEB 2018 10:22
entering extended mode
 restricted \write18 enabled.
 file:line:error style messages enabled.
 %&-line parsing enabled.
**paper.tex
(./paper.tex
LaTeX2e <2016/03/31>
Babel <3.9r> and hyphenation patterns for 83 language(s) loaded.
(./IEEEtran.cls
Document Class: IEEEtran 2007/03/05 V1.7a by Michael Shell
-- See the "IEEEtran_HOWTO" manual for usage information.
-- http://www.michaelshell.org/tex/ieeetran/
\@IEEEtrantmpdimenA=\dimen102
\@IEEEtrantmpdimenB=\dimen103
\@IEEEtrantmpcountA=\count79
\@IEEEtrantmpcountB=\count80
\@IEEEtrantmptoksA=\toks14
LaTeX Font Info:    Try loading font information for OT1+ptm on input line 366.

(/usr/local/texlive/2016/texmf-dist/tex/latex/psnfss/ot1ptm.fd
File: ot1ptm.fd 2001/06/04 font definitions for OT1/ptm.
)
-- Using 210mm x 297mm (a4) paper.
-- Using PDF output.
\@IEEEnormalsizeunitybaselineskip=\dimen104
-- This is a 10 point document.
\CLASSINFOnormalsizebaselineskip=\dimen105
\CLASSINFOnormalsizeunitybaselineskip=\dimen106
\IEEEnormaljot=\dimen107
LaTeX Font Info:    Font shape `OT1/ptm/bx/n' in size <5> not available
(Font)              Font shape `OT1/ptm/b/n' tried instead on input line 724.
LaTeX Font Info:    Font shape `OT1/ptm/bx/it' in size <5> not available
(Font)              Font shape `OT1/ptm/b/it' tried instead on input line 724.
LaTeX Font Info:    Font shape `OT1/ptm/bx/n' in size <7> not available
(Font)              Font shape `OT1/ptm/b/n' tried instead on input line 724.
LaTeX Font Info:    Font shape `OT1/ptm/bx/it' in size <7> not available
(Font)              Font shape `OT1/ptm/b/it' tried instead on input line 724.
LaTeX Font Info:    Font shape `OT1/ptm/bx/n' in size <8> not available
(Font)              Font shape `OT1/ptm/b/n' tried instead on input line 724.
LaTeX Font Info:    Font shape `OT1/ptm/bx/it' in size <8> not available
(Font)              Font shape `OT1/ptm/b/it' tried instead on input line 724.
LaTeX Font Info:    Font shape `OT1/ptm/bx/n' in size <9> not available
(Font)              Font shape `OT1/ptm/b/n' tried instead on input line 724.
LaTeX Font Info:    Font shape `OT1/ptm/bx/it' in size <9> not available
(Font)              Font shape `OT1/ptm/b/it' tried instead on input line 724.
LaTeX Font Info:    Font shape `OT1/ptm/bx/n' in size <10> not available
(Font)              Font shape `OT1/ptm/b/n' tried instead on input line 724.
LaTeX Font Info:    Font shape `OT1/ptm/bx/it' in size <10> not available
(Font)              Font shape `OT1/ptm/b/it' tried instead on input line 724.
LaTeX Font Info:    Font shape `OT1/ptm/bx/n' in size <11> not available
(Font)              Font shape `OT1/ptm/b/n' tried instead on input line 724.
LaTeX Font Info:    Font shape `OT1/ptm/bx/it' in size <11> not available
(Font)              Font shape `OT1/ptm/b/it' tried instead on input line 724.
LaTeX Font Info:    Font shape `OT1/ptm/bx/n' in size <12> not available
(Font)              Font shape `OT1/ptm/b/n' tried instead on input line 724.
LaTeX Font Info:    Font shape `OT1/ptm/bx/it' in size <12> not available
(Font)              Font shape `OT1/ptm/b/it' tried instead on input line 724.
LaTeX Font Info:    Font shape `OT1/ptm/bx/n' in size <17> not available
(Font)              Font shape `OT1/ptm/b/n' tried instead on input line 724.
LaTeX Font Info:    Font shape `OT1/ptm/bx/it' in size <17> not available
(Font)              Font shape `OT1/ptm/b/it' tried instead on input line 724.
LaTeX Font Info:    Font shape `OT1/ptm/bx/n' in size <20> not available
(Font)              Font shape `OT1/ptm/b/n' tried instead on input line 724.
LaTeX Font Info:    Font shape `OT1/ptm/bx/it' in size <20> not available
(Font)              Font shape `OT1/ptm/b/it' tried instead on input line 724.
LaTeX Font Info:    Font shape `OT1/ptm/bx/n' in size <24> not available
(Font)              Font shape `OT1/ptm/b/n' tried instead on input line 724.
LaTeX Font Info:    Font shape `OT1/ptm/bx/it' in size <24> not available
(Font)              Font shape `OT1/ptm/b/it' tried instead on input line 724.
\IEEEilabelindentA=\dimen108
\IEEEilabelindentB=\dimen109
\IEEEilabelindent=\dimen110
\IEEEelabelindent=\dimen111
\IEEEdlabelindent=\dimen112
\IEEElabelindent=\dimen113
\IEEEiednormlabelsep=\dimen114
\IEEEiedmathlabelsep=\dimen115
\IEEEiedtopsep=\skip41
\c@section=\count81
\c@subsection=\count82
\c@subsubsection=\count83
\c@paragraph=\count84
\c@IEEEsubequation=\count85
\abovecaptionskip=\skip42
\belowcaptionskip=\skip43
\c@figure=\count86
\c@table=\count87
\@IEEEeqnnumcols=\count88
\@IEEEeqncolcnt=\count89
\@IEEEtmpitemindent=\dimen116
\c@IEEEbiography=\count90
\@IEEEtranrubishbin=\box26
) (/usr/local/texlive/2016/texmf-dist/tex/latex/graphics/graphicx.sty
Package: graphicx 2014/10/28 v1.0g Enhanced LaTeX Graphics (DPC,SPQR)

(/usr/local/texlive/2016/texmf-dist/tex/latex/graphics/keyval.sty
Package: keyval 2014/10/28 v1.15 key=value parser (DPC)
\KV@toks@=\toks15
)
(/usr/local/texlive/2016/texmf-dist/tex/latex/graphics/graphics.sty
Package: graphics 2016/05/09 v1.0r Standard LaTeX Graphics (DPC,SPQR)

(/usr/local/texlive/2016/texmf-dist/tex/latex/graphics/trig.sty
Package: trig 2016/01/03 v1.10 sin cos tan (DPC)
)
(/usr/local/texlive/2016/texmf-dist/tex/latex/graphics-cfg/graphics.cfg
File: graphics.cfg 2016/01/02 v1.10 sample graphics configuration
)
Package graphics Info: Driver file: pdftex.def on input line 96.

(/usr/local/texlive/2016/texmf-dist/tex/latex/pdftex-def/pdftex.def
File: pdftex.def 2011/05/27 v0.06d Graphics/color for pdfTeX

(/usr/local/texlive/2016/texmf-dist/tex/generic/oberdiek/infwarerr.sty
Package: infwarerr 2016/05/16 v1.4 Providing info/warning/error messages (HO)
)
(/usr/local/texlive/2016/texmf-dist/tex/generic/oberdiek/ltxcmds.sty
Package: ltxcmds 2016/05/16 v1.23 LaTeX kernel commands for general use (HO)
)
\Gread@gobject=\count91
))
\Gin@req@height=\dimen117
\Gin@req@width=\dimen118
)
(/usr/local/texlive/2016/texmf-dist/tex/latex/url/url.sty
\Urlmuskip=\muskip10
Package: url 2013/09/16  ver 3.4  Verb mode for urls, etc.
)
(/usr/local/texlive/2016/texmf-dist/tex/latex/amsmath/amsmath.sty
Package: amsmath 2016/03/10 v2.15b AMS math features
\@mathmargin=\skip44

For additional information on amsmath, use the `?' option.
(/usr/local/texlive/2016/texmf-dist/tex/latex/amsmath/amstext.sty
Package: amstext 2000/06/29 v2.01 AMS text

(/usr/local/texlive/2016/texmf-dist/tex/latex/amsmath/amsgen.sty
File: amsgen.sty 1999/11/30 v2.0 generic functions
\@emptytoks=\toks16
\ex@=\dimen119
))
(/usr/local/texlive/2016/texmf-dist/tex/latex/amsmath/amsbsy.sty
Package: amsbsy 1999/11/29 v1.2d Bold Symbols
\pmbraise@=\dimen120
)
(/usr/local/texlive/2016/texmf-dist/tex/latex/amsmath/amsopn.sty
Package: amsopn 2016/03/08 v2.02 operator names
)
\inf@bad=\count92
LaTeX Info: Redefining \frac on input line 199.
\uproot@=\count93
\leftroot@=\count94
LaTeX Info: Redefining \overline on input line 297.
\classnum@=\count95
\DOTSCASE@=\count96
LaTeX Info: Redefining \ldots on input line 394.
LaTeX Info: Redefining \dots on input line 397.
LaTeX Info: Redefining \cdots on input line 518.
\Mathstrutbox@=\box27
\strutbox@=\box28
\big@size=\dimen121
LaTeX Font Info:    Redeclaring font encoding OML on input line 634.
LaTeX Font Info:    Redeclaring font encoding OMS on input line 635.
\macc@depth=\count97
\c@MaxMatrixCols=\count98
\dotsspace@=\muskip11
\c@parentequation=\count99
\dspbrk@lvl=\count100
\tag@help=\toks17
\row@=\count101
\column@=\count102
\maxfields@=\count103
\andhelp@=\toks18
\eqnshift@=\dimen122
\alignsep@=\dimen123
\tagshift@=\dimen124
\tagwidth@=\dimen125
\totwidth@=\dimen126
\lineht@=\dimen127
\@envbody=\toks19
\multlinegap=\skip45
\multlinetaggap=\skip46
\mathdisplay@stack=\toks20
LaTeX Info: Redefining \[ on input line 2739.
LaTeX Info: Redefining \] on input line 2740.
) (./paper.aux)
\openout1 = `paper.aux'.

LaTeX Font Info:    Checking defaults for OML/cmm/m/it on input line 131.
LaTeX Font Info:    ... okay on input line 131.
LaTeX Font Info:    Checking defaults for T1/cmr/m/n on input line 131.
LaTeX Font Info:    ... okay on input line 131.
LaTeX Font Info:    Checking defaults for OT1/cmr/m/n on input line 131.
LaTeX Font Info:    ... okay on input line 131.
LaTeX Font Info:    Checking defaults for OMS/cmsy/m/n on input line 131.
LaTeX Font Info:    ... okay on input line 131.
LaTeX Font Info:    Checking defaults for OMX/cmex/m/n on input line 131.
LaTeX Font Info:    ... okay on input line 131.
LaTeX Font Info:    Checking defaults for U/cmr/m/n on input line 131.
LaTeX Font Info:    ... okay on input line 131.
 (/usr/local/texlive/2016/texmf-dist/tex/context/base/mkii/supp-pdf.mkii
[Loading MPS to PDF converter (version 2006.09.02).]
\scratchcounter=\count104
\scratchdimen=\dimen128
\scratchbox=\box29
\nofMPsegments=\count105
\nofMParguments=\count106
\everyMPshowfont=\toks21
\MPscratchCnt=\count107
\MPscratchDim=\dimen129
\MPnumerator=\count108
\makeMPintoPDFobject=\count109
\everyMPtoPDFconversion=\toks22
) (/usr/local/texlive/2016/texmf-dist/tex/generic/oberdiek/pdftexcmds.sty
Package: pdftexcmds 2016/05/10 v0.21 Utility functions of pdfTeX for LuaTeX (HO
)

(/usr/local/texlive/2016/texmf-dist/tex/generic/oberdiek/ifluatex.sty
Package: ifluatex 2016/05/16 v1.4 Provides the ifluatex switch (HO)
Package ifluatex Info: LuaTeX not detected.
)
(/usr/local/texlive/2016/texmf-dist/tex/generic/oberdiek/ifpdf.sty
Package: ifpdf 2016/05/14 v3.1 Provides the ifpdf switch
)
Package pdftexcmds Info: LuaTeX not detected.
Package pdftexcmds Info: \pdf@primitive is available.
Package pdftexcmds Info: \pdf@ifprimitive is available.
Package pdftexcmds Info: \pdfdraftmode found.
)
(/usr/local/texlive/2016/texmf-dist/tex/latex/oberdiek/epstopdf-base.sty
Package: epstopdf-base 2016/05/15 v2.6 Base part for package epstopdf

(/usr/local/texlive/2016/texmf-dist/tex/latex/oberdiek/grfext.sty
Package: grfext 2016/05/16 v1.2 Manage graphics extensions (HO)

(/usr/local/texlive/2016/texmf-dist/tex/generic/oberdiek/kvdefinekeys.sty
Package: kvdefinekeys 2016/05/16 v1.4 Define keys (HO)
))
(/usr/local/texlive/2016/texmf-dist/tex/latex/oberdiek/kvoptions.sty
Package: kvoptions 2016/05/16 v3.12 Key value format for package options (HO)

(/usr/local/texlive/2016/texmf-dist/tex/generic/oberdiek/kvsetkeys.sty
Package: kvsetkeys 2016/05/16 v1.17 Key value parser (HO)

(/usr/local/texlive/2016/texmf-dist/tex/generic/oberdiek/etexcmds.sty
Package: etexcmds 2016/05/16 v1.6 Avoid name clashes with e-TeX commands (HO)
Package etexcmds Info: Could not find \expanded.
(etexcmds)             That can mean that you are not using pdfTeX 1.50 or
(etexcmds)             that some package has redefined \expanded.
(etexcmds)             In the latter case, load this package earlier.
)))
Package grfext Info: Graphics extension search list:
(grfext)             [.png,.pdf,.jpg,.mps,.jpeg,.jbig2,.jb2,.PNG,.PDF,.JPG,.JPE
G,.JBIG2,.JB2,.eps]
(grfext)             \AppendGraphicsExtensions on input line 456.

(/usr/local/texlive/2016/texmf-dist/tex/latex/latexconfig/epstopdf-sys.cfg
File: epstopdf-sys.cfg 2010/07/13 v1.3 Configuration of (r)epstopdf for TeX Liv
e
))
** ATTENTION: \PARstart is deprecated (line 148). Use \IEEEPARstart instead.
<01flexibility.jpg, id=1, 987.69pt x 194.7275pt>
File: 01flexibility.jpg Graphic file (type jpg)
 <use 01flexibility.jpg>
Package pdftex.def Info: 01flexibility.jpg used on input line 152.
(pdftex.def)             Requested size: 252.0pt x 49.6801pt.

<02softlitho.png, id=2, 996.72375pt x 419.5675pt>
File: 02softlitho.png Graphic file (type png)
 <use 02softlitho.png>
Package pdftex.def Info: 02softlitho.png used on input line 164.
(pdftex.def)             Requested size: 252.0pt x 106.07599pt.

<03substrates.png, id=4, 1018.80624pt x 425.08812pt>
File: 03substrates.png Graphic file (type png)
 <use 03substrates.png>
Package pdftex.def Info: 03substrates.png used on input line 185.
(pdftex.def)             Requested size: 252.0pt x 105.14314pt.

[1{/usr/local/texlive/2016/texmf-var/fonts/map/pdftex/updmap/pdftex.map}


 <./01flexibility.jpg> <./02softlitho.png> <./03substrates.png>]
<04nsl.jpg, id=17, 649.42625pt x 202.7575pt>
File: 04nsl.jpg Graphic file (type jpg)
 <use 04nsl.jpg>
Package pdftex.def Info: 04nsl.jpg used on input line 199.
(pdftex.def)             Requested size: 252.0pt x 78.676pt.

<05gap.jpg, id=18, 272.01625pt x 332.24126pt>
File: 05gap.jpg Graphic file (type jpg)
 <use 05gap.jpg>
Package pdftex.def Info: 05gap.jpg used on input line 212.
(pdftex.def)             Requested size: 201.60077pt x 246.24503pt.

<06nogap.png, id=19, 1192.455pt x 332.24126pt>
File: 06nogap.png Graphic file (type png)
 <use 06nogap.png>
Package pdftex.def Info: 06nogap.png used on input line 227.
(pdftex.def)             Requested size: 252.0pt x 70.2087pt.

<07profiles.jpg, id=20, 664.4825pt x 411.5375pt>
File: 07profiles.jpg Graphic file (type jpg)
 <use 07profiles.jpg>
Package pdftex.def Info: 07profiles.jpg used on input line 237.
(pdftex.def)             Requested size: 252.0pt x 156.0719pt.

Underfull \vbox (badness 2707) has occurred while \output is active []

 [2 <./04nsl.jpg> <./05gap.jpg> <./06nogap.png> <./07profiles.jpg>]
<08bowtie.jpg, id=27, 321.2pt x 213.79875pt>
File: 08bowtie.jpg Graphic file (type jpg)
 <use 08bowtie.jpg>
Package pdftex.def Info: 08bowtie.jpg used on input line 252.
(pdftex.def)             Requested size: 226.79846pt x 150.96628pt.

<09bowties.jpg, id=28, 987.69pt x 192.72pt>
File: 09bowties.jpg Graphic file (type jpg)
 <use 09bowties.jpg>
Package pdftex.def Info: 09bowties.jpg used on input line 263.
(pdftex.def)             Requested size: 252.0pt x 49.16794pt.

<092bowties.png, id=29, 225.84375pt x 171.64125pt>
File: 092bowties.png Graphic file (type png)
 <use 092bowties.png>
Package pdftex.def Info: 092bowties.png used on input line 273.
(pdftex.def)             Requested size: 100.79846pt x 76.60927pt.

<10bowtie-resonance.jpg, id=30, 715.67375pt x 283.0575pt>
File: 10bowtie-resonance.jpg Graphic file (type jpg)

<use 10bowtie-resonance.jpg>
Package pdftex.def Info: 10bowtie-resonance.jpg used on input line 281.
(pdftex.def)             Requested size: 252.0pt x 99.66763pt.
 <11collective.png, id=31, 894.84312pt x 313.17pt>
File: 11collective.png Graphic file (type png)

<use 11collective.png>
Package pdftex.def Info: 11collective.png used on input line 292.
(pdftex.def)             Requested size: 252.0pt x 88.19353pt.
 <12transmission.png, id=32, 729.72626pt x 449.68pt>
File: 12transmission.png Graphic file (type png)

<use 12transmission.png>
Package pdftex.def Info: 12transmission.png used on input line 302.
(pdftex.def)             Requested size: 252.0pt x 155.29071pt.
 [3 <./08bowtie.jpg> <./09bowties.jpg> <./092bowties.png> <./10bowtie-resonance
.jpg> <./11collective.png>]
<13stretch.jpg, id=38, 240.6591pt x 476.2593pt>
File: 13stretch.jpg Graphic file (type jpg)
 <use 13stretch.jpg>
Package pdftex.def Info: 13stretch.jpg used on input line 314.
(pdftex.def)             Requested size: 163.79846pt x 324.14998pt.

<14stretch-response.jpg, id=39, 481.8pt x 407.5225pt>
File: 14stretch-response.jpg Graphic file (type jpg)

<use 14stretch-response.jpg>
Package pdftex.def Info: 14stretch-response.jpg used on input line 351.
(pdftex.def)             Requested size: 252.0pt x 213.15034pt.
 <15patterning.jpg, id=40, 481.8pt x 622.325pt>
File: 15patterning.jpg Graphic file (type jpg)

<use 15patterning.jpg>
Package pdftex.def Info: 15patterning.jpg used on input line 364.
(pdftex.def)             Requested size: 201.60077pt x 260.39664pt.
 [4 <./12transmission.png> <./13stretch.jpg> <./14stretch-response.jpg>]
Underfull \hbox (badness 2617) in paragraph at lines 422--423
[]\OT1/ptm/m/n/8 Replica Mold-ing Im-age: http://what-when-how.com/nanoscience-
and-
 []


Underfull \hbox (badness 10000) in paragraph at lines 422--423
\OT1/ptm/m/n/8 nanotechnology/nanostructures-replicated-by-polymer-molding-part
-1-
 []


Overfull \hbox (24.96558pt too wide) in paragraph at lines 425--426
[]\OT1/ptm/m/n/8 Decal Trans-fer Lithog-ra-phy Im-age: http://pubs.acs.org/doi/
abs/10.1021/ja020942z 
 []


Underfull \hbox (badness 10000) in paragraph at lines 428--429
[]\OT1/ptm/m/n/8 PDMS Im-age: $https : / / www . alibaba . com / product-[]deta
il /
 []


Underfull \hbox (badness 10000) in paragraph at lines 428--429
\OT1/ptm/m/n/8 PDMS-[]polydimethylsiloxane-[]201methyl-[]siliconeoil[]607192928
98 .
 []


Underfull \hbox (badness 1997) in paragraph at lines 431--432
[]\OT1/ptm/m/n/8 Parylene-C Im-age: $https : / / www . ^^Lshersci . ch / ch / d
e / products / I9C8L7UU /
 []


Underfull \hbox (badness 10000) in paragraph at lines 434--435
[]\OT1/ptm/m/n/8 LDPE Im-age: $https : / / deavita . com / haushalt /
 []

[5 <./15patterning.jpg>] (./paper.aux) ) 
Here is how much of TeX's memory you used:
 2951 strings out of 493014
 44303 string characters out of 6133351
 110476 words of memory out of 5000000
 6454 multiletter control sequences out of 15000+600000
 41188 words of font info for 79 fonts, out of 8000000 for 9000
 1141 hyphenation exceptions out of 8191
 38i,8n,24p,915b,330s stack positions out of 5000i,500n,10000p,200000b,80000s
{/usr/local/texlive/2016/texmf-dist/fon
ts/enc/dvips/base/8r.enc}</usr/local/texlive/2016/texmf-dist/fonts/type1/public
/amsfonts/cm/cmmi10.pfb></usr/local/texlive/2016/texmf-dist/fonts/type1/public/
amsfonts/cm/cmmi7.pfb></usr/local/texlive/2016/texmf-dist/fonts/type1/public/am
sfonts/cm/cmmi8.pfb></usr/local/texlive/2016/texmf-dist/fonts/type1/urw/times/u
tmb8a.pfb></usr/local/texlive/2016/texmf-dist/fonts/type1/urw/times/utmbi8a.pfb
></usr/local/texlive/2016/texmf-dist/fonts/type1/urw/times/utmr8a.pfb></usr/loc
al/texlive/2016/texmf-dist/fonts/type1/urw/times/utmri8a.pfb>
Output written on paper.pdf (5 pages, 6977317 bytes).
PDF statistics:
 72 PDF objects out of 1000 (max. 8388607)
 35 compressed objects within 1 object stream
 0 named destinations out of 1000 (max. 500000)
 81 words of extra memory for PDF output out of 10000 (max. 10000000)

